<?xml version="1.0" encoding="UTF-8"?>
<!-- Generated by org.testng.reporters.JUnitReportReporter -->
<testsuite skipped="0" hostname="DESKTOP-0993G96" name="demo.project.HrmLogin" tests="1" failures="0" timestamp="06 Sep 2022 17:19:14 GMT" time="23.593" errors="0">
  <testcase name="login" time="23.593" classname="demo.project.HrmLogin"/>
</testsuite> <!-- demo.project.HrmLogin -->
